1773408997.222172 client started (1218008): version 3.5a, socket /tmp/tmux-1000/default, protocol 8
1773408997.222213 on Linux 6.18.1 #1-NixOS SMP PREEMPT_DYNAMIC Fri Dec 12 17:42:47 UTC 2025
1773408997.222220 using libevent 2.1.12-stable poll
1773408997.222231 using utf8proc 2.11.2
1773408997.222236 using ncurses 6.5 20240427
1773408997.222291 flags are 0x10010000
1773408997.222318 socket is /tmp/tmux-1000/default
1773408997.222342 trying connect
1773408997.222452 add peer 0x555b07e913d0: 6 ((nil))
1773408997.222795 sending message 111 to peer 0x555b07e913d0 (8 bytes)
1773408997.222799 sending message 111 to peer 0x555b07e913d0 (8 bytes)
1773408997.222802 sending message 101 to peer 0x555b07e913d0 (14 bytes)
1773408997.222804 sending message 109 to peer 0x555b07e913d0 (4 bytes)
1773408997.222806 sending message 102 to peer 0x555b07e913d0 (11 bytes)
1773408997.222808 sending message 108 to peer 0x555b07e913d0 (27 bytes)
1773408997.222810 sending message 112 to peer 0x555b07e913d0 (70 bytes)
1773408997.222812 sending message 112 to peer 0x555b07e913d0 (5 bytes)
1773408997.222815 sending message 112 to peer 0x555b07e913d0 (5 bytes)
1773408997.222817 sending message 112 to peer 0x555b07e913d0 (6 bytes)
1773408997.222819 sending message 112 to peer 0x555b07e913d0 (6 bytes)
1773408997.222821 sending message 112 to peer 0x555b07e913d0 (11 bytes)
1773408997.222823 sending message 112 to peer 0x555b07e913d0 (10 bytes)
1773408997.222825 sending message 112 to peer 0x555b07e913d0 (13 bytes)
1773408997.222827 sending message 112 to peer 0x555b07e913d0 (13 bytes)
1773408997.222829 sending message 112 to peer 0x555b07e913d0 (18 bytes)
1773408997.222831 sending message 112 to peer 0x555b07e913d0 (11 bytes)
1773408997.222833 sending message 112 to peer 0x555b07e913d0 (10 bytes)
1773408997.222835 sending message 112 to peer 0x555b07e913d0 (15 bytes)
1773408997.222837 sending message 112 to peer 0x555b07e913d0 (21 bytes)
1773408997.222839 sending message 112 to peer 0x555b07e913d0 (13 bytes)
1773408997.222841 sending message 112 to peer 0x555b07e913d0 (7 bytes)
1773408997.222843 sending message 112 to peer 0x555b07e913d0 (13 bytes)
1773408997.222845 sending message 112 to peer 0x555b07e913d0 (7 bytes)
1773408997.222847 sending message 112 to peer 0x555b07e913d0 (13 bytes)
1773408997.222849 sending message 112 to peer 0x555b07e913d0 (9 bytes)
1773408997.222851 sending message 112 to peer 0x555b07e913d0 (21 bytes)
1773408997.222853 sending message 112 to peer 0x555b07e913d0 (13 bytes)
1773408997.222855 sending message 112 to peer 0x555b07e913d0 (8 bytes)
1773408997.222857 sending message 112 to peer 0x555b07e913d0 (12 bytes)
1773408997.222859 sending message 112 to peer 0x555b07e913d0 (13 bytes)
1773408997.222861 sending message 112 to peer 0x555b07e913d0 (9 bytes)
1773408997.222863 sending message 112 to peer 0x555b07e913d0 (9 bytes)
1773408997.222865 sending message 112 to peer 0x555b07e913d0 (12 bytes)
1773408997.222867 sending message 112 to peer 0x555b07e913d0 (8 bytes)
1773408997.222869 sending message 112 to peer 0x555b07e913d0 (8 bytes)
1773408997.222871 sending message 112 to peer 0x555b07e913d0 (7 bytes)
1773408997.222873 sending message 112 to peer 0x555b07e913d0 (7 bytes)
1773408997.222875 sending message 112 to peer 0x555b07e913d0 (9 bytes)
1773408997.222877 sending message 112 to peer 0x555b07e913d0 (13 bytes)
1773408997.222879 sending message 112 to peer 0x555b07e913d0 (6 bytes)
1773408997.222881 sending message 112 to peer 0x555b07e913d0 (9 bytes)
1773408997.222883 sending message 112 to peer 0x555b07e913d0 (15 bytes)
1773408997.222885 sending message 112 to peer 0x555b07e913d0 (13 bytes)
1773408997.222887 sending message 112 to peer 0x555b07e913d0 (12 bytes)
1773408997.222889 sending message 112 to peer 0x555b07e913d0 (8 bytes)
1773408997.222891 sending message 112 to peer 0x555b07e913d0 (14 bytes)
1773408997.222893 sending message 112 to peer 0x555b07e913d0 (11 bytes)
1773408997.222895 sending message 112 to peer 0x555b07e913d0 (9 bytes)
1773408997.222897 sending message 112 to peer 0x555b07e913d0 (10 bytes)
1773408997.222899 sending message 112 to peer 0x555b07e913d0 (10 bytes)
1773408997.222906 sending message 112 to peer 0x555b07e913d0 (10 bytes)
1773408997.222908 sending message 112 to peer 0x555b07e913d0 (10 bytes)
1773408997.222910 sending message 112 to peer 0x555b07e913d0 (11 bytes)
1773408997.222912 sending message 112 to peer 0x555b07e913d0 (12 bytes)
1773408997.222914 sending message 112 to peer 0x555b07e913d0 (12 bytes)
1773408997.222916 sending message 112 to peer 0x555b07e913d0 (12 bytes)
1773408997.222918 sending message 112 to peer 0x555b07e913d0 (12 bytes)
1773408997.222921 sending message 112 to peer 0x555b07e913d0 (12 bytes)
1773408997.222923 sending message 112 to peer 0x555b07e913d0 (11 bytes)
1773408997.222925 sending message 112 to peer 0x555b07e913d0 (11 bytes)
1773408997.222927 sending message 112 to peer 0x555b07e913d0 (12 bytes)
1773408997.222929 sending message 112 to peer 0x555b07e913d0 (12 bytes)
1773408997.222931 sending message 112 to peer 0x555b07e913d0 (12 bytes)
1773408997.222933 sending message 112 to peer 0x555b07e913d0 (12 bytes)
1773408997.222935 sending message 112 to peer 0x555b07e913d0 (12 bytes)
1773408997.222937 sending message 112 to peer 0x555b07e913d0 (10 bytes)
1773408997.222939 sending message 112 to peer 0x555b07e913d0 (12 bytes)
1773408997.222941 sending message 112 to peer 0x555b07e913d0 (13 bytes)
1773408997.222943 sending message 112 to peer 0x555b07e913d0 (13 bytes)
1773408997.222945 sending message 112 to peer 0x555b07e913d0 (13 bytes)
1773408997.222947 sending message 112 to peer 0x555b07e913d0 (13 bytes)
1773408997.222949 sending message 112 to peer 0x555b07e913d0 (13 bytes)
1773408997.222951 sending message 112 to peer 0x555b07e913d0 (8 bytes)
1773408997.222953 sending message 112 to peer 0x555b07e913d0 (11 bytes)
1773408997.222955 sending message 112 to peer 0x555b07e913d0 (11 bytes)
1773408997.222957 sending message 112 to peer 0x555b07e913d0 (11 bytes)
1773408997.222959 sending message 112 to peer 0x555b07e913d0 (12 bytes)
1773408997.222961 sending message 112 to peer 0x555b07e913d0 (12 bytes)
1773408997.222963 sending message 112 to peer 0x555b07e913d0 (12 bytes)
1773408997.222965 sending message 112 to peer 0x555b07e913d0 (12 bytes)
1773408997.222967 sending message 112 to peer 0x555b07e913d0 (13 bytes)
1773408997.222969 sending message 112 to peer 0x555b07e913d0 (13 bytes)
1773408997.222971 sending message 112 to peer 0x555b07e913d0 (13 bytes)
1773408997.222973 sending message 112 to peer 0x555b07e913d0 (8 bytes)
1773408997.222975 sending message 112 to peer 0x555b07e913d0 (13 bytes)
1773408997.222977 sending message 112 to peer 0x555b07e913d0 (13 bytes)
1773408997.222979 sending message 112 to peer 0x555b07e913d0 (13 bytes)
1773408997.222981 sending message 112 to peer 0x555b07e913d0 (13 bytes)
1773408997.222983 sending message 112 to peer 0x555b07e913d0 (13 bytes)
1773408997.222985 sending message 112 to peer 0x555b07e913d0 (12 bytes)
1773408997.222987 sending message 112 to peer 0x555b07e913d0 (12 bytes)
1773408997.222989 sending message 112 to peer 0x555b07e913d0 (12 bytes)
1773408997.222991 sending message 112 to peer 0x555b07e913d0 (12 bytes)
1773408997.222993 sending message 112 to peer 0x555b07e913d0 (13 bytes)
1773408997.222995 sending message 112 to peer 0x555b07e913d0 (8 bytes)
1773408997.222997 sending message 112 to peer 0x555b07e913d0 (13 bytes)
1773408997.222999 sending message 112 to peer 0x555b07e913d0 (13 bytes)
1773408997.223001 sending message 112 to peer 0x555b07e913d0 (13 bytes)
1773408997.223003 sending message 112 to peer 0x555b07e913d0 (13 bytes)
1773408997.223005 sending message 112 to peer 0x555b07e913d0 (13 bytes)
1773408997.223007 sending message 112 to peer 0x555b07e913d0 (13 bytes)
1773408997.223009 sending message 112 to peer 0x555b07e913d0 (13 bytes)
1773408997.223011 sending message 112 to peer 0x555b07e913d0 (12 bytes)
1773408997.223013 sending message 112 to peer 0x555b07e913d0 (12 bytes)
1773408997.223015 sending message 112 to peer 0x555b07e913d0 (12 bytes)
1773408997.223017 sending message 112 to peer 0x555b07e913d0 (8 bytes)
1773408997.223019 sending message 112 to peer 0x555b07e913d0 (12 bytes)
1773408997.223024 sending message 112 to peer 0x555b07e913d0 (13 bytes)
1773408997.223027 sending message 112 to peer 0x555b07e913d0 (13 bytes)
1773408997.223029 sending message 112 to peer 0x555b07e913d0 (13 bytes)
1773408997.223031 sending message 112 to peer 0x555b07e913d0 (13 bytes)
1773408997.223033 sending message 112 to peer 0x555b07e913d0 (13 bytes)
1773408997.223035 sending message 112 to peer 0x555b07e913d0 (13 bytes)
1773408997.223037 sending message 112 to peer 0x555b07e913d0 (13 bytes)
1773408997.223039 sending message 112 to peer 0x555b07e913d0 (13 bytes)
1773408997.223041 sending message 112 to peer 0x555b07e913d0 (12 bytes)
1773408997.223043 sending message 112 to peer 0x555b07e913d0 (10 bytes)
1773408997.223045 sending message 112 to peer 0x555b07e913d0 (12 bytes)
1773408997.223047 sending message 112 to peer 0x555b07e913d0 (12 bytes)
1773408997.223049 sending message 112 to peer 0x555b07e913d0 (12 bytes)
1773408997.223051 sending message 112 to peer 0x555b07e913d0 (13 bytes)
1773408997.223053 sending message 112 to peer 0x555b07e913d0 (13 bytes)
1773408997.223054 sending message 112 to peer 0x555b07e913d0 (13 bytes)
1773408997.223056 sending message 112 to peer 0x555b07e913d0 (13 bytes)
1773408997.223058 sending message 112 to peer 0x555b07e913d0 (13 bytes)
1773408997.223060 sending message 112 to peer 0x555b07e913d0 (13 bytes)
1773408997.223062 sending message 112 to peer 0x555b07e913d0 (13 bytes)
1773408997.223064 sending message 112 to peer 0x555b07e913d0 (10 bytes)
1773408997.223066 sending message 112 to peer 0x555b07e913d0 (13 bytes)
1773408997.223068 sending message 112 to peer 0x555b07e913d0 (12 bytes)
1773408997.223070 sending message 112 to peer 0x555b07e913d0 (12 bytes)
1773408997.223072 sending message 112 to peer 0x555b07e913d0 (12 bytes)
1773408997.223074 sending message 112 to peer 0x555b07e913d0 (10 bytes)
1773408997.223076 sending message 112 to peer 0x555b07e913d0 (10 bytes)
1773408997.223078 sending message 112 to peer 0x555b07e913d0 (10 bytes)
1773408997.223080 sending message 112 to peer 0x555b07e913d0 (12 bytes)
1773408997.223082 sending message 112 to peer 0x555b07e913d0 (13 bytes)
1773408997.223084 sending message 112 to peer 0x555b07e913d0 (13 bytes)
1773408997.223086 sending message 112 to peer 0x555b07e913d0 (13 bytes)
1773408997.223088 sending message 112 to peer 0x555b07e913d0 (13 bytes)
1773408997.223090 sending message 112 to peer 0x555b07e913d0 (13 bytes)
1773408997.223092 sending message 112 to peer 0x555b07e913d0 (11 bytes)
1773408997.223094 sending message 112 to peer 0x555b07e913d0 (11 bytes)
1773408997.223096 sending message 112 to peer 0x555b07e913d0 (12 bytes)
1773408997.223098 sending message 112 to peer 0x555b07e913d0 (12 bytes)
1773408997.223100 sending message 112 to peer 0x555b07e913d0 (12 bytes)
1773408997.223102 sending message 112 to peer 0x555b07e913d0 (12 bytes)
1773408997.223104 sending message 112 to peer 0x555b07e913d0 (12 bytes)
1773408997.223106 sending message 112 to peer 0x555b07e913d0 (11 bytes)
1773408997.223108 sending message 112 to peer 0x555b07e913d0 (12 bytes)
1773408997.223110 sending message 112 to peer 0x555b07e913d0 (12 bytes)
1773408997.223112 sending message 112 to peer 0x555b07e913d0 (13 bytes)
1773408997.223114 sending message 112 to peer 0x555b07e913d0 (13 bytes)
1773408997.223116 sending message 112 to peer 0x555b07e913d0 (13 bytes)
1773408997.223118 sending message 112 to peer 0x555b07e913d0 (13 bytes)
1773408997.223120 sending message 112 to peer 0x555b07e913d0 (13 bytes)
1773408997.223122 sending message 112 to peer 0x555b07e913d0 (10 bytes)
1773408997.223124 sending message 112 to peer 0x555b07e913d0 (9 bytes)
1773408997.223126 sending message 112 to peer 0x555b07e913d0 (12 bytes)
1773408997.223128 sending message 112 to peer 0x555b07e913d0 (13 bytes)
1773408997.223130 sending message 112 to peer 0x555b07e913d0 (13 bytes)
1773408997.223132 sending message 112 to peer 0x555b07e913d0 (13 bytes)
1773408997.223134 sending message 112 to peer 0x555b07e913d0 (13 bytes)
1773408997.223136 sending message 112 to peer 0x555b07e913d0 (13 bytes)
1773408997.223141 sending message 112 to peer 0x555b07e913d0 (9 bytes)
1773408997.223143 sending message 112 to peer 0x555b07e913d0 (12 bytes)
1773408997.223145 sending message 112 to peer 0x555b07e913d0 (13 bytes)
1773408997.223147 sending message 112 to peer 0x555b07e913d0 (13 bytes)
1773408997.223149 sending message 112 to peer 0x555b07e913d0 (13 bytes)
1773408997.223151 sending message 112 to peer 0x555b07e913d0 (13 bytes)
1773408997.223153 sending message 112 to peer 0x555b07e913d0 (13 bytes)
1773408997.223155 sending message 112 to peer 0x555b07e913d0 (11 bytes)
1773408997.223157 sending message 112 to peer 0x555b07e913d0 (12 bytes)
1773408997.223159 sending message 112 to peer 0x555b07e913d0 (13 bytes)
1773408997.223161 sending message 112 to peer 0x555b07e913d0 (13 bytes)
1773408997.223163 sending message 112 to peer 0x555b07e913d0 (13 bytes)
1773408997.223165 sending message 112 to peer 0x555b07e913d0 (13 bytes)
1773408997.223167 sending message 112 to peer 0x555b07e913d0 (13 bytes)
1773408997.223169 sending message 112 to peer 0x555b07e913d0 (11 bytes)
1773408997.223171 sending message 112 to peer 0x555b07e913d0 (12 bytes)
1773408997.223173 sending message 112 to peer 0x555b07e913d0 (12 bytes)
1773408997.223175 sending message 112 to peer 0x555b07e913d0 (12 bytes)
1773408997.223177 sending message 112 to peer 0x555b07e913d0 (12 bytes)
1773408997.223179 sending message 112 to peer 0x555b07e913d0 (12 bytes)
1773408997.223181 sending message 112 to peer 0x555b07e913d0 (21 bytes)
1773408997.223183 sending message 112 to peer 0x555b07e913d0 (12 bytes)
1773408997.223185 sending message 112 to peer 0x555b07e913d0 (9 bytes)
1773408997.223187 sending message 112 to peer 0x555b07e913d0 (6 bytes)
1773408997.223189 sending message 112 to peer 0x555b07e913d0 (13 bytes)
1773408997.223191 sending message 112 to peer 0x555b07e913d0 (8 bytes)
1773408997.223193 sending message 112 to peer 0x555b07e913d0 (15 bytes)
1773408997.223195 sending message 112 to peer 0x555b07e913d0 (13 bytes)
1773408997.223198 sending message 112 to peer 0x555b07e913d0 (9 bytes)
1773408997.223200 sending message 112 to peer 0x555b07e913d0 (70 bytes)
1773408997.223202 sending message 112 to peer 0x555b07e913d0 (69 bytes)
1773408997.223204 sending message 112 to peer 0x555b07e913d0 (10 bytes)
1773408997.223206 sending message 112 to peer 0x555b07e913d0 (10 bytes)
1773408997.223208 sending message 112 to peer 0x555b07e913d0 (8 bytes)
1773408997.223210 sending message 112 to peer 0x555b07e913d0 (15 bytes)
1773408997.223212 sending message 112 to peer 0x555b07e913d0 (13 bytes)
1773408997.223214 sending message 112 to peer 0x555b07e913d0 (10 bytes)
1773408997.223216 sending message 112 to peer 0x555b07e913d0 (10 bytes)
1773408997.223218 sending message 112 to peer 0x555b07e913d0 (17 bytes)
1773408997.223220 sending message 112 to peer 0x555b07e913d0 (10 bytes)
1773408997.223223 sending message 112 to peer 0x555b07e913d0 (13 bytes)
1773408997.223225 sending message 112 to peer 0x555b07e913d0 (9 bytes)
1773408997.223227 sending message 112 to peer 0x555b07e913d0 (5 bytes)
1773408997.223229 sending message 112 to peer 0x555b07e913d0 (15 bytes)
1773408997.223233 sending message 104 to peer 0x555b07e913d0 (0 bytes)
1773408997.223236 sending message 110 to peer 0x555b07e913d0 (0 bytes)
1773408997.223240 sending message 107 to peer 0x555b07e913d0 (4 bytes)
1773408997.223242 sending message 105 to peer 0x555b07e913d0 (41 bytes)
1773408997.223250 sending message 105 to peer 0x555b07e913d0 (60 bytes)
1773408997.223253 sending message 105 to peer 0x555b07e913d0 (29 bytes)
1773408997.223255 sending message 105 to peer 0x555b07e913d0 (16 bytes)
1773408997.223257 sending message 105 to peer 0x555b07e913d0 (20 bytes)
1773408997.223259 sending message 105 to peer 0x555b07e913d0 (79 bytes)
1773408997.223261 sending message 105 to peer 0x555b07e913d0 (54 bytes)
1773408997.223263 sending message 105 to peer 0x555b07e913d0 (21 bytes)
1773408997.223265 sending message 105 to peer 0x555b07e913d0 (13 bytes)
1773408997.223268 sending message 105 to peer 0x555b07e913d0 (12 bytes)
1773408997.223274 sending message 105 to peer 0x555b07e913d0 (122 bytes)
1773408997.223277 sending message 105 to peer 0x555b07e913d0 (16 bytes)
1773408997.223280 sending message 105 to peer 0x555b07e913d0 (1008 bytes)
1773408997.223291 sending message 105 to peer 0x555b07e913d0 (19 bytes)
1773408997.223295 sending message 105 to peer 0x555b07e913d0 (14 bytes)
1773408997.223297 sending message 105 to peer 0x555b07e913d0 (714 bytes)
1773408997.223299 sending message 105 to peer 0x555b07e913d0 (19 bytes)
1773408997.223301 sending message 105 to peer 0x555b07e913d0 (431 bytes)
1773408997.223303 sending message 105 to peer 0x555b07e913d0 (22 bytes)
1773408997.223306 sending message 105 to peer 0x555b07e913d0 (17 bytes)
1773408997.223308 sending message 105 to peer 0x555b07e913d0 (24 bytes)
1773408997.223310 sending message 105 to peer 0x555b07e913d0 (20 bytes)
1773408997.223312 sending message 105 to peer 0x555b07e913d0 (31 bytes)
1773408997.223314 sending message 105 to peer 0x555b07e913d0 (72 bytes)
1773408997.223316 sending message 105 to peer 0x555b07e913d0 (224 bytes)
1773408997.223318 sending message 105 to peer 0x555b07e913d0 (64 bytes)
1773408997.223320 sending message 105 to peer 0x555b07e913d0 (16 bytes)
1773408997.223324 sending message 105 to peer 0x555b07e913d0 (1917 bytes)
1773408997.223326 sending message 105 to peer 0x555b07e913d0 (43 bytes)
1773408997.223328 sending message 105 to peer 0x555b07e913d0 (76 bytes)
1773408997.223331 sending message 105 to peer 0x555b07e913d0 (176 bytes)
1773408997.223333 sending message 105 to peer 0x555b07e913d0 (60 bytes)
1773408997.223335 sending message 105 to peer 0x555b07e913d0 (15 bytes)
1773408997.223337 sending message 105 to peer 0x555b07e913d0 (29 bytes)
1773408997.223339 sending message 105 to peer 0x555b07e913d0 (11 bytes)
1773408997.223341 sending message 105 to peer 0x555b07e913d0 (235 bytes)
1773408997.223343 sending message 105 to peer 0x555b07e913d0 (31 bytes)
1773408997.223345 sending message 105 to peer 0x555b07e913d0 (310 bytes)
1773408997.223347 sending message 105 to peer 0x555b07e913d0 (33 bytes)
1773408997.223350 sending message 105 to peer 0x555b07e913d0 (86 bytes)
1773408997.223352 sending message 105 to peer 0x555b07e913d0 (37 bytes)
1773408997.223354 sending message 105 to peer 0x555b07e913d0 (8 bytes)
1773408997.223356 sending message 105 to peer 0x555b07e913d0 (19 bytes)
1773408997.223358 sending message 105 to peer 0x555b07e913d0 (104 bytes)
1773408997.223360 sending message 105 to peer 0x555b07e913d0 (69 bytes)
1773408997.223362 sending message 105 to peer 0x555b07e913d0 (38 bytes)
1773408997.223365 sending message 105 to peer 0x555b07e913d0 (19 bytes)
1773408997.223367 sending message 105 to peer 0x555b07e913d0 (19 bytes)
1773408997.223369 sending message 105 to peer 0x555b07e913d0 (267 bytes)
1773408997.223371 sending message 105 to peer 0x555b07e913d0 (18 bytes)
1773408997.223373 sending message 105 to peer 0x555b07e913d0 (26 bytes)
1773408997.223375 sending message 105 to peer 0x555b07e913d0 (38 bytes)
1773408997.223377 sending message 105 to peer 0x555b07e913d0 (13 bytes)
1773408997.223380 sending message 105 to peer 0x555b07e913d0 (20 bytes)
1773408997.223382 sending message 105 to peer 0x555b07e913d0 (13 bytes)
1773408997.223384 sending message 105 to peer 0x555b07e913d0 (18 bytes)
1773408997.223386 sending message 105 to peer 0x555b07e913d0 (37 bytes)
1773408997.223388 sending message 105 to peer 0x555b07e913d0 (549 bytes)
1773408997.223390 sending message 105 to peer 0x555b07e913d0 (36 bytes)
1773408997.223392 sending message 105 to peer 0x555b07e913d0 (236 bytes)
1773408997.223395 sending message 105 to peer 0x555b07e913d0 (38 bytes)
1773408997.223397 sending message 105 to peer 0x555b07e913d0 (25 bytes)
1773408997.223399 sending message 105 to peer 0x555b07e913d0 (1322 bytes)
1773408997.223402 sending message 105 to peer 0x555b07e913d0 (51 bytes)
1773408997.223404 sending message 105 to peer 0x555b07e913d0 (22 bytes)
1773408997.223406 sending message 105 to peer 0x555b07e913d0 (31 bytes)
1773408997.223411 sending message 105 to peer 0x555b07e913d0 (15 bytes)
1773408997.223413 sending message 105 to peer 0x555b07e913d0 (52 bytes)
1773408997.223415 sending message 105 to peer 0x555b07e913d0 (23 bytes)
1773408997.223417 sending message 105 to peer 0x555b07e913d0 (25 bytes)
1773408997.223419 sending message 105 to peer 0x555b07e913d0 (17 bytes)
1773408997.223421 sending message 105 to peer 0x555b07e913d0 (58 bytes)
1773408997.223424 sending message 105 to peer 0x555b07e913d0 (21 bytes)
1773408997.223426 sending message 105 to peer 0x555b07e913d0 (11 bytes)
1773408997.223428 sending message 105 to peer 0x555b07e913d0 (37 bytes)
1773408997.223430 sending message 105 to peer 0x555b07e913d0 (34 bytes)
1773408997.223432 sending message 105 to peer 0x555b07e913d0 (21 bytes)
1773408997.223434 sending message 105 to peer 0x555b07e913d0 (31 bytes)
1773408997.223436 sending message 106 to peer 0x555b07e913d0 (0 bytes)
1773408997.223474 sending message 200 to peer 0x555b07e913d0 (4 bytes)
1773408997.223476 client loop enter
1773408997.225042 peer 0x555b07e913d0 message 303
1773408997.225050 open write file 2 -
1773408997.225055 sending message 305 to peer 0x555b07e913d0 (8 bytes)
1773408997.225064 write check file 2
1773408997.225175 peer 0x555b07e913d0 message 304
1773408997.225177 write 58 to file 2
1773408997.225179 peer 0x555b07e913d0 message 203
1773408997.225181 file 2 58 bytes left
1773408997.225192 write check file 2
1773408997.225194 client loop exit
